#
# There is insufficient memory for the Java Runtime Environment to continue.
# Native memory allocation (mmap) failed to map 67108864 bytes for G1 virtual space
# Possible reasons:
#   The system is out of physical RAM or swap space
#   The process is running with CompressedOops enabled, and the Java Heap may be blocking the growth of the native heap
# Possible solutions:
#   Reduce memory load on the system
#   Increase physical memory or swap space
#   Check if swap backing store is full
#   Decrease Java heap size (-Xmx/-Xms)
#   Decrease number of Java threads
#   Decrease Java thread stack sizes (-Xss)
#   Set larger code cache with -XX:ReservedCodeCacheSize=
#   JVM is running with Unscaled Compressed Oops mode in which the Java heap is
#     placed in the first 4GB address space. The Java Heap base address is the
#     maximum limit for the native heap growth. Please use -XX:HeapBaseMinAddress
#     to set the Java Heap base and to place the Java Heap above 4GB virtual address.
# This output file may be truncated or incomplete.
#
#  Out of Memory Error (os_windows.cpp:3600), pid=13216, tid=7552
#
# JRE version:  (21.0.1+12) (build )
# Java VM: Java HotSpot(TM) 64-Bit Server VM (21.0.1+12-LTS-29, mixed mode, sharing, tiered, compressed oops, compressed class ptrs, g1 gc, windows-amd64)
# No core dump will be written. Minidumps are not enabled by default on client versions of Windows
#

---------------  S U M M A R Y ------------

Command Line: -Dfile.encoding=UTF-8 -Djava.security.policy=applet.policy --module-path=C:\Users\USER\OneDrive\Documents\NetBeansProjects\E-commerceTugasPrakOOP\build\classes TugasPrakOop.BAB8.MainInput

Host: Intel(R) Core(TM) i5-4210U CPU @ 1.70GHz, 4 cores, 3G,  Windows 10 , 64 bit Build 19041 (10.0.19041.3636)
Time: Sun May 18 12:20:30 2025 SE Asia Standard Time elapsed time: 0.039824 seconds (0d 0h 0m 0s)

---------------  T H R E A D  ---------------

Current thread (0x0000022f66399540):  JavaThread "Unknown thread" [_thread_in_vm, id=7552, stack(0x000000a295d00000,0x000000a295e00000) (1024K)]

Stack: [0x000000a295d00000,0x000000a295e00000]
Native frames: (J=compiled Java code, j=interpreted, Vv=VM code, C=native code)
V  [jvm.dll+0x6c9029]
V  [jvm.dll+0x854b81]
V  [jvm.dll+0x856e5e]
V  [jvm.dll+0x857543]
V  [jvm.dll+0x280c06]
V  [jvm.dll+0x6c5715]
V  [jvm.dll+0x6ba10a]
V  [jvm.dll+0x3557ea]
V  [jvm.dll+0x35d436]
V  [jvm.dll+0x3ae1be]
V  [jvm.dll+0x3ae468]
V  [jvm.dll+0x3291fc]
V  [jvm.dll+0x329d8b]
V  [jvm.dll+0x81d179]
V  [jvm.dll+0x3bb4f1]
V  [jvm.dll+0x805ae8]
V  [jvm.dll+0x44effe]
V  [jvm.dll+0x450901]
C  [jli.dll+0x52a3]
C  [ucrtbase.dll+0x21bb2]
C  [KERNEL32.DLL+0x17344]
C  [ntdll.dll+0x526b1]


---------------  P R O C E S S  ---------------

Threads class SMR info:
_java_thread_list=0x00007ffbf8729b88, length=0, elements={
}

Java Threads: ( => current thread )
Total: 0

Other Threads:
  0x0000022f6846fd80 WorkerThread "GC Thread#0"                     [id=1428, stack(0x000000a295e00000,0x000000a295f00000) (1024K)]
  0x0000022f68479200 ConcurrentGCThread "G1 Main Marker"            [id=4876, stack(0x000000a295f00000,0x000000a296000000) (1024K)]
  0x0000022f68479dc0 WorkerThread "G1 Conc#0"                       [id=2328, stack(0x000000a296000000,0x000000a296100000) (1024K)]

[error occurred during error reporting (printing all threads), id 0xc0000005, EXCEPTION_ACCESS_VIOLATION (0xc0000005) at pc=0x00007ffbf7e9c2c7]
VM state: not at safepoint (not fully initialized)

VM Mutex/Monitor currently owned by a thread:  ([mutex/lock_event])
[0x00007ffbf879a6f8] Heap_lock - owner thread: 0x0000022f66399540

Heap address: 0x00000000c1800000, size: 1000 MB, Compressed Oops mode: 32-bit

CDS archive(s) mapped at: [0x0000000000000000-0x0000000000000000-0x0000000000000000), size 0, SharedBaseAddress: 0x0000000800000000, ArchiveRelocationMode: 1.
Narrow klass base: 0x0000000000000000, Narrow klass shift: 0, Narrow klass range: 0x0

GC Precious Log:
 CardTable entry size: 512
 Card Set container configuration: InlinePtr #cards 5 size 8 Array Of Cards #cards 12 size 40 Howl #buckets 4 coarsen threshold 1843 Howl Bitmap #cards 512 size 80 coarsen threshold 460 Card regions per heap region 1 cards per card region 2048

Heap:
 garbage-first heap   total 0K, used 0K [0x00000000c1800000, 0x0000000100000000)
  region size 1024K, 0 young (0K), 0 survivors (0K)

[error occurred during error reporting (printing heap information), id 0xc0000005, EXCEPTION_ACCESS_VIOLATION (0xc0000005) at pc=0x00007ffbf8281be9]
GC Heap History (0 events):
No events

Dll operation events (1 events):
Event: 0.015 Loaded shared library C:\Program Files\Java\jdk-21\bin\java.dll

Deoptimization events (0 events):
No events

Classes loaded (0 events):
No events

Classes unloaded (0 events):
No events

Classes redefined (0 events):
No events

Internal exceptions (0 events):
No events

ZGC Phase Switch (0 events):
No events

VM Operations (0 events):
No events

Events (0 events):
No events


Dynamic libraries:
0x00007ff6d1c70000 - 0x00007ff6d1c80000 	C:\Program Files\Java\jdk-21\bin\java.exe
0x00007ffc33f50000 - 0x00007ffc34148000 	C:\WINDOWS\SYSTEM32\ntdll.dll
0x00007ffc33460000 - 0x00007ffc3351d000 	C:\WINDOWS\System32\KERNEL32.DLL
0x00007ffc31aa0000 - 0x00007ffc31d96000 	C:\WINDOWS\System32\KERNELBASE.dll
0x00007ffc31650000 - 0x00007ffc31750000 	C:\WINDOWS\System32\ucrtbase.dll
0x00007ffc2beb0000 - 0x00007ffc2becb000 	C:\Program Files\Java\jdk-21\bin\VCRUNTIME140.dll
0x00007ffc2be30000 - 0x00007ffc2be49000 	C:\Program Files\Java\jdk-21\bin\jli.dll
0x00007ffc33600000 - 0x00007ffc336b0000 	C:\WINDOWS\System32\ADVAPI32.dll
0x00007ffc33e70000 - 0x00007ffc33f0e000 	C:\WINDOWS\System32\msvcrt.dll
0x00007ffc33810000 - 0x00007ffc338b0000 	C:\WINDOWS\System32\sechost.dll
0x00007ffc32bd0000 - 0x00007ffc32cf5000 	C:\WINDOWS\System32\RPCRT4.dll
0x00007ffc31da0000 - 0x00007ffc31dc7000 	C:\WINDOWS\System32\bcrypt.dll
0x00007ffc32a30000 - 0x00007ffc32bce000 	C:\WINDOWS\System32\USER32.dll
0x00007ffc31860000 - 0x00007ffc31882000 	C:\WINDOWS\System32\win32u.dll
0x00007ffc33e40000 - 0x00007ffc33e6b000 	C:\WINDOWS\System32\GDI32.dll
0x00007ffc31e60000 - 0x00007ffc31f77000 	C:\WINDOWS\System32\gdi32full.dll
0x00007ffc1b580000 - 0x00007ffc1b81a000 	C:\WINDOWS\WinSxS\amd64_microsoft.windows.common-controls_6595b64144ccf1df_6.0.19041.3636_none_60b6a03d71f818d5\COMCTL32.dll
0x00007ffc317c0000 - 0x00007ffc3185d000 	C:\WINDOWS\System32\msvcp_win.dll
0x00007ffc24d70000 - 0x00007ffc24d7a000 	C:\WINDOWS\SYSTEM32\VERSION.dll
0x00007ffc337d0000 - 0x00007ffc33802000 	C:\WINDOWS\System32\IMM32.DLL
0x00007ffc2bea0000 - 0x00007ffc2beac000 	C:\Program Files\Java\jdk-21\bin\vcruntime140_1.dll
0x00007ffc2ab40000 - 0x00007ffc2abce000 	C:\Program Files\Java\jdk-21\bin\msvcp140.dll
0x00007ffbf7b60000 - 0x00007ffbf8875000 	C:\Program Files\Java\jdk-21\bin\server\jvm.dll
0x00007ffc32dd0000 - 0x00007ffc32e3b000 	C:\WINDOWS\System32\WS2_32.dll
0x00007ffc30b50000 - 0x00007ffc30b9b000 	C:\WINDOWS\SYSTEM32\POWRPROF.dll
0x00007ffc1fb30000 - 0x00007ffc1fb57000 	C:\WINDOWS\SYSTEM32\WINMM.dll
0x00007ffc30a10000 - 0x00007ffc30a22000 	C:\WINDOWS\SYSTEM32\UMPDC.dll
0x00007ffc2f4b0000 - 0x00007ffc2f4c2000 	C:\WINDOWS\SYSTEM32\kernel.appcore.dll
0x00007ffc2be50000 - 0x00007ffc2be5a000 	C:\Program Files\Java\jdk-21\bin\jimage.dll
0x00007ffc227d0000 - 0x00007ffc229b4000 	C:\WINDOWS\SYSTEM32\DBGHELP.DLL
0x00007ffc21d30000 - 0x00007ffc21d64000 	C:\WINDOWS\SYSTEM32\dbgcore.DLL
0x00007ffc31dd0000 - 0x00007ffc31e52000 	C:\WINDOWS\System32\bcryptPrimitives.dll
0x00007ffc2bbd0000 - 0x00007ffc2bbef000 	C:\Program Files\Java\jdk-21\bin\java.dll

dbghelp: loaded successfully - version: 4.0.5 - missing functions: none
symbol engine: initialized successfully - sym options: 0x614 - pdb path: .;C:\Program Files\Java\jdk-21\bin;C:\WINDOWS\SYSTEM32;C:\WINDOWS\WinSxS\amd64_microsoft.windows.common-controls_6595b64144ccf1df_6.0.19041.3636_none_60b6a03d71f818d5;C:\Program Files\Java\jdk-21\bin\server

VM Arguments:
jvm_args: -Dfile.encoding=UTF-8 -Djava.security.policy=applet.policy --module-path=C:\Users\USER\OneDrive\Documents\NetBeansProjects\E-commerceTugasPrakOOP\build\classes 
java_command: TugasPrakOop.BAB8.MainInput
java_class_path (initial): C:\Users\USER\OneDrive\Documents\NetBeansProjects\E-commerceTugasPrakOOP\build\classes
Launcher Type: SUN_STANDARD

[Global flags]
     intx CICompilerCount                          = 3                                         {product} {ergonomic}
     uint ConcGCThreads                            = 1                                         {product} {ergonomic}
     uint G1ConcRefinementThreads                  = 4                                         {product} {ergonomic}
   size_t G1HeapRegionSize                         = 1048576                                   {product} {ergonomic}
    uintx GCDrainStackTargetSize                   = 64                                        {product} {ergonomic}
   size_t InitialHeapSize                          = 67108864                                  {product} {ergonomic}
   size_t MarkStackSize                            = 4194304                                   {product} {ergonomic}
   size_t MaxHeapSize                              = 1048576000                                {product} {ergonomic}
   size_t MinHeapDeltaBytes                        = 1048576                                   {product} {ergonomic}
   size_t MinHeapSize                              = 8388608                                   {product} {ergonomic}
    uintx NonNMethodCodeHeapSize                   = 5832780                                {pd product} {ergonomic}
    uintx NonProfiledCodeHeapSize                  = 122912730                              {pd product} {ergonomic}
    uintx ProfiledCodeHeapSize                     = 122912730                              {pd product} {ergonomic}
    uintx ReservedCodeCacheSize                    = 251658240                              {pd product} {ergonomic}
     bool SegmentedCodeCache                       = true                                      {product} {ergonomic}
   size_t SoftMaxHeapSize                          = 1048576000                             {manageable} {ergonomic}
     bool UseCompressedOops                        = true                           {product lp64_product} {ergonomic}
     bool UseG1GC                                  = true                                      {product} {ergonomic}
     bool UseLargePagesIndividualAllocation        = false                                  {pd product} {ergonomic}

Logging:
Log output configuration:
 #0: stdout all=warning uptime,level,tags foldmultilines=false
 #1: stderr all=off uptime,level,tags foldmultilines=false

Environment Variables:
PATH=C:\Program Files (x86)\Common Files\Intel\Shared Libraries\redist\intel64\compiler;C:\Program Files\Common Files\Oracle\Java\javapath;C:\Program Files (x86)\Common Files\Intel\Shared Files\cpp\bin\Intel64;C:\WINDOWS\system32;C:\WINDOWS;C:\WINDOWS\System32\Wbem;C:\WINDOWS\System32\WindowsPowerShell\v1.0\;C:\WINDOWS\System32\OpenSSH\;C:\Program Files (x86)\Microsoft SQL Server\110\Tools\Binn\;C:\Program Files\Microsoft SQL Server\110\Tools\Binn\;C:\Program Files\Microsoft SQL Server\110\DTS\Binn\;C:\Program Files (x86)\Microsoft SQL Server\110\Tools\Binn\ManagementStudio\;C:\Program Files (x86)\Microsoft Visual Studio 10.0\Common7\IDE\PrivateAssemblies\;C:\Program Files (x86)\Microsoft SQL Server\110\DTS\Binn\;C:\laragon\bin\php\php-8.1.10-Win32-vs16-x64;C:\ProgramData\ComposerSetup\bin;C:\laragon\bin\php\php-8.3.11-Win32-vs16-x64;C:\Users\USER\AppData\Local\Microsoft\WindowsApps;D:\Microsoft VS Code\bin;C:\Users\USER\AppData\Roaming\Composer\vendor\bin
USERNAME=USER
OS=Windows_NT
PROCESSOR_IDENTIFIER=Intel64 Family 6 Model 69 Stepping 1, GenuineIntel
TMP=C:\Users\USER\AppData\Local\Temp
TEMP=C:\Users\USER\AppData\Local\Temp




Periodic native trim disabled

---------------  S Y S T E M  ---------------

OS:
 Windows 10 , 64 bit Build 19041 (10.0.19041.3636)
OS uptime: 0 days 1:56 hours

CPU: total 4 (initial active 4) (2 cores per cpu, 2 threads per core) family 6 model 69 stepping 1 microcode 0x25, cx8, cmov, fxsr, ht, mmx, sse, sse2, sse3, ssse3, sse4.1, sse4.2, popcnt, lzcnt, tsc, tscinvbit, avx, avx2, aes, erms, clmul, bmi1, bmi2, fma, vzeroupper, clflush, rdtscp, f16c
Processor Information for all 4 processors :
  Max Mhz: 2401, Current Mhz: 2401, Mhz Limit: 2401

Memory: 4k page, system-wide physical 3993M (492M free)
TotalPageFile size 5525M (AvailPageFile size 50M)
current process WorkingSet (physical memory assigned to process): 10M, peak: 10M
current process commit charge ("private bytes"): 51M, peak: 115M

vm_info: Java HotSpot(TM) 64-Bit Server VM (21.0.1+12-LTS-29) for windows-amd64 JRE (21.0.1+12-LTS-29), built on 2023-10-05T13:27:09Z by "mach5one" with MS VC++ 17.1 (VS2022)

END.
